[debug] [2025-07-15T03:47:09.497Z] ----------------------------------------------------------------------
[debug] [2025-07-15T03:47:09.500Z] Command:       C:\Program Files\nodejs\node.exe C:\Users\임태형\AppData\Roaming\npm\node_modules\firebase-tools\lib\bin\firebase.js init
[debug] [2025-07-15T03:47:09.501Z] CLI Version:   14.10.1
[debug] [2025-07-15T03:47:09.501Z] Platform:      win32
[debug] [2025-07-15T03:47:09.501Z] Node Version:  v22.17.0
[debug] [2025-07-15T03:47:09.501Z] Time:          Tue Jul 15 2025 12:47:09 GMT+0900 (대한민국 표준시)
[debug] [2025-07-15T03:47:09.501Z] ----------------------------------------------------------------------
[debug] 
[debug] [2025-07-15T03:47:09.509Z] > command requires scopes: ["email","openid","https://www.googleapis.com/auth/cloudplatformprojects.readonly","https://www.googleapis.com/auth/firebase","https://www.googleapis.com/auth/cloud-platform"]
[debug] [2025-07-15T03:47:09.510Z] > authorizing via signed-in user (tndms1206@gmail.com)
[info] 
     ######## #### ########  ######## ########     ###     ######  ########
     ##        ##  ##     ## ##       ##     ##  ##   ##  ##       ##
     ######    ##  ########  ######   ########  #########  ######  ######
     ##        ##  ##    ##  ##       ##     ## ##     ##       ## ##
     ##       #### ##     ## ######## ########  ##     ##  ######  ########

You're about to initialize a Firebase project in this directory:

  J:\Cursor\P5\MyFirebaseWebApp

[info] 
=== Project Setup
[info] 
[info] First, let's associate this project directory with a Firebase project.
[info] You can create multiple project aliases by running firebase use --add, 
[info] but for now we'll just set up a default project.
[info] 
[debug] [2025-07-15T03:51:17.385Z] Checked if tokens are valid: true, expires at: 1752553376026
[debug] [2025-07-15T03:51:17.385Z] Checked if tokens are valid: true, expires at: 1752553376026
[debug] [2025-07-15T03:51:17.386Z] >>> [apiv2][query] GET https://firebase.googleapis.com/v1beta1/projects pageSize=100
[debug] [2025-07-15T03:51:18.101Z] <<< [apiv2][status] GET https://firebase.googleapis.com/v1beta1/projects 200
[debug] [2025-07-15T03:51:18.101Z] <<< [apiv2][body] GET https://firebase.googleapis.com/v1beta1/projects [omitted]
[info] i  Using project smart-measure-bc396 (smart-measure) 
[info] 
=== Hosting Setup
[debug] [2025-07-15T03:52:22.970Z] Checked if tokens are valid: true, expires at: 1752553376026
[debug] [2025-07-15T03:52:22.970Z] Checked if tokens are valid: true, expires at: 1752553376026
[debug] [2025-07-15T03:52:22.971Z] >>> [apiv2][query] GET https://firebase.googleapis.com/v1beta1/projects/smart-measure-bc396 [none]
[debug] [2025-07-15T03:52:23.348Z] <<< [apiv2][status] GET https://firebase.googleapis.com/v1beta1/projects/smart-measure-bc396 200
[debug] [2025-07-15T03:52:23.348Z] <<< [apiv2][body] GET https://firebase.googleapis.com/v1beta1/projects/smart-measure-bc396 {"projectId":"smart-measure-bc396","projectNumber":"670911173254","displayName":"smart-measure","name":"projects/smart-measure-bc396","resources":{"hostingSite":"smart-measure-bc396","realtimeDatabaseInstance":"smart-measure-bc396-default-rtdb"},"state":"ACTIVE","etag":"1_6bff98a1-05d3-4457-b970-89e07ce1d28f"}
[info] 
[info] Your public directory is the folder (relative to your project directory) that
[info] will contain Hosting assets to be uploaded with firebase deploy. If you
[info] have a build process for your assets, use your build's output directory.
[info] 
[debug] [2025-07-15T03:55:32.023Z] >>> [apiv2][query] GET https://www.gstatic.com/firebasejs/releases.json [none]
[debug] [2025-07-15T03:55:32.160Z] <<< [apiv2][status] GET https://www.gstatic.com/firebasejs/releases.json 200
[debug] [2025-07-15T03:55:32.160Z] <<< [apiv2][body] GET https://www.gstatic.com/firebasejs/releases.json {"current":{"version":"11.10.0","browserURL":"https://www.gstatic.com/firebasejs/11.10.0/firebase.js","packageURL":"https://www.gstatic.com/firebasejs/11.10.0/firebase.tgz"},"live":{"version":"11.10","browserURL":"https://www.gstatic.com/firebasejs/live/11.10/firebase.js","packageURL":"https://www.gstatic.com/firebasejs/live/11.10/firebase.tgz"},"components":{"ai":"https://www.gstatic.com/firebasejs/11.10.0/firebase-ai.js","analytics":"https://www.gstatic.com/firebasejs/11.10.0/firebase-analytics.js","app":"https://www.gstatic.com/firebasejs/11.10.0/firebase-app.js","app-check":"https://www.gstatic.com/firebasejs/11.10.0/firebase-app-check.js","auth":"https://www.gstatic.com/firebasejs/11.10.0/firebase-auth.js","auth/cordova":"https://www.gstatic.com/firebasejs/11.10.0/firebase-auth/cordova.js","auth/web-extension":"https://www.gstatic.com/firebasejs/11.10.0/firebase-auth/web-extension.js","functions":"https://www.gstatic.com/firebasejs/11.10.0/firebase-functions.js","firestore":"https://www.gstatic.com/firebasejs/11.10.0/firebase-firestore.js","firestore/lite":"https://www.gstatic.com/firebasejs/11.10.0/firebase-firestore/lite.js","installations":"https://www.gstatic.com/firebasejs/11.10.0/firebase-installations.js","storage":"https://www.gstatic.com/firebasejs/11.10.0/firebase-storage.js","performance":"https://www.gstatic.com/firebasejs/11.10.0/firebase-performance.js","remote-config":"https://www.gstatic.com/firebasejs/11.10.0/firebase-remote-config.js","messaging":"https://www.gstatic.com/firebasejs/11.10.0/firebase-messaging.js","messaging/sw":"https://www.gstatic.com/firebasejs/11.10.0/firebase-messaging/sw.js","database":"https://www.gstatic.com/firebasejs/11.10.0/firebase-database.js","vertexai":"https://www.gstatic.com/firebasejs/11.10.0/firebase-vertexai.js","data-connect":"https://www.gstatic.com/firebasejs/11.10.0/firebase-data-connect.js","firestore.memory":"https://www.gstatic.com/firebasejs/11.10.0/firebase-firestore.memory.js"}}
[info] +  Wrote public/index.html 
[info] 
[info] i  Detected a .git folder at J:\Cursor\P5 
[info] i  Authorizing with GitHub to upload your service account to a GitHub repository's secrets store. 
[info] 
[info] Visit this URL on this device to log in:
[info] https://github.com/login/oauth/authorize?client_id=89cf50f02ac6aaed3484&state=649183872&redirect_uri=http%3A%2F%2Flocalhost%3A9005&scope=read%3Auser%20repo%20public_repo
[info] 
[info] Waiting for authentication...
